<?xml version="1.0" encoding="UTF-8"?>
<!-- Generated by org.testng.reporters.JUnitReportReporter -->
<testsuite hostname="ashrestha" name="TestClass" tests="1" failures="0" timestamp="18 May 2015 02:32:49 GMT" time="0.392" errors="0">
  <testcase name="testLogo" time="0.392" classname="TestClass"/>
</testsuite> <!-- TestClass -->
